# JRE version: OpenJDK Runtime Environment (8.0_152-b01) (build 1.8.0_152-release-915-b01)
# Java VM: OpenJDK Server VM (25.152-b01 mixed mode windows-x86 )
Heap:
 def new generation   total 32832K, used 3933K [0x11000000, 0x13390000, 0x26550000)
  eden space 29248K,   2% used [0x11000000, 0x110c5408, 0x12c90000)
  from space 3584K,  87% used [0x13010000, 0x13322290, 0x13390000)
  to   space 3584K,   0% used [0x12c90000, 0x12c90000, 0x13010000)
 tenured generation   total 72612K, used 57683K [0x26550000, 0x2ac39000, 0x51000000)
   the space 72612K,  79% used [0x26550000, 0x29da4d70, 0x29da4e00, 0x2ac39000)
 Metaspace       used 45485K, capacity 46743K, committed 46848K, reserved 47488K
GC Heap History (10 events):
Event: 130.041 GC heap before
{Heap before GC invocations=80 (full 4):
 def new generation   total 32832K, used 32831K [0x11000000, 0x13390000, 0x26550000)
  eden space 29248K, 100% used [0x11000000, 0x12c90000, 0x12c90000)
  from space 3584K,  99% used [0x12c90000, 0x1300fff8, 0x13010000)
  to   space 3584K,   0% used [0x13010000, 0x13010000, 0x13390000)
 tenured generation   total 72612K, used 45627K [0x26550000, 0x2ac39000, 0x51000000)
   the space 72612K,  62% used [0x26550000, 0x291dee98, 0x291df000, 0x2ac39000)
 Metaspace       used 43472K, capacity 44747K, committed 44800K, reserved 45440K
Event: 130.064 GC heap after
Heap after GC invocations=81 (full 4):
 def new generation   total 32832K, used 1442K [0x11000000, 0x13390000, 0x26550000)
  eden space 29248K,   0% used [0x11000000, 0x11000000, 0x12c90000)
  from space 3584K,  40% used [0x13010000, 0x13178bf8, 0x13390000)
  to   space 3584K,   0% used [0x12c90000, 0x12c90000, 0x13010000)
 tenured generation   total 72612K, used 48075K [0x26550000, 0x2ac39000, 0x51000000)
   the space 72612K,  66% used [0x26550000, 0x29442e70, 0x29443000, 0x2ac39000)
 Metaspace       used 43472K, capacity 44747K, committed 44800K, reserved 45440K
}
Event: 133.106 GC heap before
{Heap before GC invocations=81 (full 4):
 def new generation   total 32832K, used 30690K [0x11000000, 0x13390000, 0x26550000)
  eden space 29248K, 100% used [0x11000000, 0x12c90000, 0x12c90000)
  from space 3584K,  40% used [0x13010000, 0x13178bf8, 0x13390000)
  to   space 3584K,   0% used [0x12c90000, 0x12c90000, 0x13010000)
 tenured generation   total 72612K, used 48075K [0x26550000, 0x2ac39000, 0x51000000)
   the space 72612K,  66% used [0x26550000, 0x29442e70, 0x29443000, 0x2ac39000)
 Metaspace       used 43575K, capacity 44789K, committed 44800K, reserved 45440K
Event: 133.123 GC heap after
Heap after GC invocations=82 (full 4):
 def new generation   total 32832K, used 2081K [0x11000000, 0x13390000, 0x26550000)
  eden space 29248K,   0% used [0x11000000, 0x11000000, 0x12c90000)
  from space 3584K,  58% used [0x12c90000, 0x12e987b8, 0x13010000)
  to   space 3584K,   0% used [0x13010000, 0x13010000, 0x13390000)
 tenured generation   total 72612K, used 48075K [0x26550000, 0x2ac39000, 0x51000000)
   the space 72612K,  66% used [0x26550000, 0x29442e70, 0x29443000, 0x2ac39000)
 Metaspace       used 43575K, capacity 44789K, committed 44800K, reserved 45440K
}
Event: 154.359 GC heap before
{Heap before GC invocations=82 (full 4):
 def new generation   total 32832K, used 31329K [0x11000000, 0x13390000, 0x26550000)
  eden space 29248K, 100% used [0x11000000, 0x12c90000, 0x12c90000)
  from space 3584K,  58% used [0x12c90000, 0x12e987b8, 0x13010000)
  to   space 3584K,   0% used [0x13010000, 0x13010000, 0x13390000)
 tenured generation   total 72612K, used 48075K [0x26550000, 0x2ac39000, 0x51000000)
   the space 72612K,  66% used [0x26550000, 0x29442e70, 0x29443000, 0x2ac39000)
 Metaspace       used 44693K, capacity 45960K, committed 46080K, reserved 46464K
Event: 154.397 GC heap after
Heap after GC invocations=83 (full 4):
 def new generation   total 32832K, used 3584K [0x11000000, 0x13390000, 0x26550000)
  eden space 29248K,   0% used [0x11000000, 0x11000000, 0x12c90000)
  from space 3584K, 100% used [0x13010000, 0x13390000, 0x13390000)
  to   space 3584K,   0% used [0x12c90000, 0x12c90000, 0x13010000)
 tenured generation   total 72612K, used 50077K [0x26550000, 0x2ac39000, 0x51000000)
   the space 72612K,  68% used [0x26550000, 0x296375b0, 0x29637600, 0x2ac39000)
 Metaspace       used 44693K, capacity 45960K, committed 46080K, reserved 46464K
}
Event: 157.979 GC heap before
{Heap before GC invocations=83 (full 4):
 def new generation   total 32832K, used 32832K [0x11000000, 0x13390000, 0x26550000)
  eden space 29248K, 100% used [0x11000000, 0x12c90000, 0x12c90000)
  from space 3584K, 100% used [0x13010000, 0x13390000, 0x13390000)
  to   space 3584K,   0% used [0x12c90000, 0x12c90000, 0x13010000)
 tenured generation   total 72612K, used 50077K [0x26550000, 0x2ac39000, 0x51000000)
   the space 72612K,  68% used [0x26550000, 0x296375b0, 0x29637600, 0x2ac39000)
 Metaspace       used 44798K, capacity 46058K, committed 46080K, reserved 46464K
Event: 158.032 GC heap after
Heap after GC invocations=84 (full 4):
 def new generation   total 32832K, used 3584K [0x11000000, 0x13390000, 0x26550000)
  eden space 29248K,   0% used [0x11000000, 0x11000000, 0x12c90000)
  from space 3584K, 100% used [0x12c90000, 0x13010000, 0x13010000)
  to   space 3584K,   0% used [0x13010000, 0x13010000, 0x13390000)
 tenured generation   total 72612K, used 54164K [0x26550000, 0x2ac39000, 0x51000000)
   the space 72612K,  74% used [0x26550000, 0x29a35288, 0x29a35400, 0x2ac39000)
 Metaspace       used 44798K, capacity 46058K, committed 46080K, reserved 46464K
}
Event: 162.823 GC heap before
{Heap before GC invocations=84 (full 4):
 def new generation   total 32832K, used 32832K [0x11000000, 0x13390000, 0x26550000)
  eden space 29248K, 100% used [0x11000000, 0x12c90000, 0x12c90000)
  from space 3584K, 100% used [0x12c90000, 0x13010000, 0x13010000)
  to   space 3584K,   0% used [0x13010000, 0x13010000, 0x13390000)
 tenured generation   total 72612K, used 54164K [0x26550000, 0x2ac39000, 0x51000000)
   the space 72612K,  74% used [0x26550000, 0x29a35288, 0x29a35400, 0x2ac39000)
 Metaspace       used 45331K, capacity 46615K, committed 46720K, reserved 47488K
Event: 162.869 GC heap after
Heap after GC invocations=85 (full 4):
 def new generation   total 32832K, used 3144K [0x11000000, 0x13390000, 0x26550000)
  eden space 29248K,   0% used [0x11000000, 0x11000000, 0x12c90000)
  from space 3584K,  87% used [0x13010000, 0x13322290, 0x13390000)
  to   space 3584K,   0% used [0x12c90000, 0x12c90000, 0x13010000)
 tenured generation   total 72612K, used 57683K [0x26550000, 0x2ac39000, 0x51000000)
   the space 72612K,  79% used [0x26550000, 0x29da4d70, 0x29da4e00, 0x2ac39000)
 Metaspace       used 45331K, capacity 46615K, committed 46720K, reserved 47488K
}

